2018-12-16 21:09:14.570 [main] ERROR org.springframework.boot.SpringApplication.reportFailure(SpringApplication.java:858) - Application run failed
java.lang.NoSuchMethodError: org.springframework.boot.builder.SpringApplicationBuilder.<init>([Ljava/lang/Object;)V
	at org.springframework.cloud.bootstrap.BootstrapApplicationListener.bootstrapServiceContext(BootstrapApplicationListener.java:161) ~[spring-cloud-context-1.3.4.RELEASE.jar:1.3.4.RELEASE]
	at org.springframework.cloud.bootstrap.BootstrapApplicationListener.onApplicationEvent(BootstrapApplicationListener.java:102) ~[spring-cloud-context-1.3.4.RELEASE.jar:1.3.4.RELEASE]
	at org.springframework.cloud.bootstrap.BootstrapApplicationListener.onApplicationEvent(BootstrapApplicationListener.java:68) ~[spring-cloud-context-1.3.4.RELEASE.jar:1.3.4.RELEASE]
	at org.springframework.context.event.SimpleApplicationEventMulticaster.doInvokeListener(SimpleApplicationEventMulticaster.java:172) ~[spring-context-5.1.3.RELEASE.jar:5.1.3.RELEASE]
	at org.springframework.context.event.SimpleApplicationEventMulticaster.invokeListener(SimpleApplicationEventMulticaster.java:165) ~[spring-context-5.1.3.RELEASE.jar:5.1.3.RELEASE]
	at org.springframework.context.event.SimpleApplicationEventMulticaster.multicastEvent(SimpleApplicationEventMulticaster.java:139) ~[spring-context-5.1.3.RELEASE.jar:5.1.3.RELEASE]
	at org.springframework.context.event.SimpleApplicationEventMulticaster.multicastEvent(SimpleApplicationEventMulticaster.java:127) ~[spring-context-5.1.3.RELEASE.jar:5.1.3.RELEASE]
	at org.springframework.boot.context.event.EventPublishingRunListener.environmentPrepared(EventPublishingRunListener.java:75) ~[spring-boot-2.1.1.RELEASE.jar:2.1.1.RELEASE]
	at org.springframework.boot.SpringApplicationRunListeners.environmentPrepared(SpringApplicationRunListeners.java:54) ~[spring-boot-2.1.1.RELEASE.jar:2.1.1.RELEASE]
	at org.springframework.boot.SpringApplication.prepareEnvironment(SpringApplication.java:347) [spring-boot-2.1.1.RELEASE.jar:2.1.1.RELEASE]
	at org.springframework.boot.SpringApplication.run(SpringApplication.java:306) [spring-boot-2.1.1.RELEASE.jar:2.1.1.RELEASE]
	at org.springframework.boot.SpringApplication.run(SpringApplication.java:1260) [spring-boot-2.1.1.RELEASE.jar:2.1.1.RELEASE]
	at org.springframework.boot.SpringApplication.run(SpringApplication.java:1248) [spring-boot-2.1.1.RELEASE.jar:2.1.1.RELEASE]
	at com.startdt.newretail.web.Application.main(Application.java:24) [classes/:?]
2018-12-16 21:49:08.878 [main] ERROR org.springframework.boot.SpringApplication.reportFailure(SpringApplication.java:858) - Application run failed
java.lang.NoSuchMethodError: org.springframework.boot.builder.SpringApplicationBuilder.<init>([Ljava/lang/Object;)V
	at org.springframework.cloud.bootstrap.BootstrapApplicationListener.bootstrapServiceContext(BootstrapApplicationListener.java:161) ~[spring-cloud-context-1.3.4.RELEASE.jar:1.3.4.RELEASE]
	at org.springframework.cloud.bootstrap.BootstrapApplicationListener.onApplicationEvent(BootstrapApplicationListener.java:102) ~[spring-cloud-context-1.3.4.RELEASE.jar:1.3.4.RELEASE]
	at org.springframework.cloud.bootstrap.BootstrapApplicationListener.onApplicationEvent(BootstrapApplicationListener.java:68) ~[spring-cloud-context-1.3.4.RELEASE.jar:1.3.4.RELEASE]
	at org.springframework.context.event.SimpleApplicationEventMulticaster.doInvokeListener(SimpleApplicationEventMulticaster.java:172) ~[spring-context-5.1.3.RELEASE.jar:5.1.3.RELEASE]
	at org.springframework.context.event.SimpleApplicationEventMulticaster.invokeListener(SimpleApplicationEventMulticaster.java:165) ~[spring-context-5.1.3.RELEASE.jar:5.1.3.RELEASE]
	at org.springframework.context.event.SimpleApplicationEventMulticaster.multicastEvent(SimpleApplicationEventMulticaster.java:139) ~[spring-context-5.1.3.RELEASE.jar:5.1.3.RELEASE]
	at org.springframework.context.event.SimpleApplicationEventMulticaster.multicastEvent(SimpleApplicationEventMulticaster.java:127) ~[spring-context-5.1.3.RELEASE.jar:5.1.3.RELEASE]
	at org.springframework.boot.context.event.EventPublishingRunListener.environmentPrepared(EventPublishingRunListener.java:75) ~[spring-boot-2.1.1.RELEASE.jar:2.1.1.RELEASE]
	at org.springframework.boot.SpringApplicationRunListeners.environmentPrepared(SpringApplicationRunListeners.java:54) ~[spring-boot-2.1.1.RELEASE.jar:2.1.1.RELEASE]
	at org.springframework.boot.SpringApplication.prepareEnvironment(SpringApplication.java:347) [spring-boot-2.1.1.RELEASE.jar:2.1.1.RELEASE]
	at org.springframework.boot.SpringApplication.run(SpringApplication.java:306) [spring-boot-2.1.1.RELEASE.jar:2.1.1.RELEASE]
	at org.springframework.boot.SpringApplication.run(SpringApplication.java:1260) [spring-boot-2.1.1.RELEASE.jar:2.1.1.RELEASE]
	at org.springframework.boot.SpringApplication.run(SpringApplication.java:1248) [spring-boot-2.1.1.RELEASE.jar:2.1.1.RELEASE]
	at com.startdt.newretail.web.Application.main(Application.java:24) [classes/:?]
2018-12-16 22:00:26.207 [main] ERROR org.springframework.boot.SpringApplication.reportFailure(SpringApplication.java:858) - Application run failed
java.lang.NoSuchMethodError: org.springframework.boot.builder.SpringApplicationBuilder.<init>([Ljava/lang/Object;)V
	at org.springframework.cloud.bootstrap.BootstrapApplicationListener.bootstrapServiceContext(BootstrapApplicationListener.java:161) ~[spring-cloud-context-1.3.4.RELEASE.jar:1.3.4.RELEASE]
	at org.springframework.cloud.bootstrap.BootstrapApplicationListener.onApplicationEvent(BootstrapApplicationListener.java:102) ~[spring-cloud-context-1.3.4.RELEASE.jar:1.3.4.RELEASE]
	at org.springframework.cloud.bootstrap.BootstrapApplicationListener.onApplicationEvent(BootstrapApplicationListener.java:68) ~[spring-cloud-context-1.3.4.RELEASE.jar:1.3.4.RELEASE]
	at org.springframework.context.event.SimpleApplicationEventMulticaster.doInvokeListener(SimpleApplicationEventMulticaster.java:172) ~[spring-context-5.1.3.RELEASE.jar:5.1.3.RELEASE]
	at org.springframework.context.event.SimpleApplicationEventMulticaster.invokeListener(SimpleApplicationEventMulticaster.java:165) ~[spring-context-5.1.3.RELEASE.jar:5.1.3.RELEASE]
	at org.springframework.context.event.SimpleApplicationEventMulticaster.multicastEvent(SimpleApplicationEventMulticaster.java:139) ~[spring-context-5.1.3.RELEASE.jar:5.1.3.RELEASE]
	at org.springframework.context.event.SimpleApplicationEventMulticaster.multicastEvent(SimpleApplicationEventMulticaster.java:127) ~[spring-context-5.1.3.RELEASE.jar:5.1.3.RELEASE]
	at org.springframework.boot.context.event.EventPublishingRunListener.environmentPrepared(EventPublishingRunListener.java:75) ~[spring-boot-2.1.1.RELEASE.jar:2.1.1.RELEASE]
	at org.springframework.boot.SpringApplicationRunListeners.environmentPrepared(SpringApplicationRunListeners.java:54) ~[spring-boot-2.1.1.RELEASE.jar:2.1.1.RELEASE]
	at org.springframework.boot.SpringApplication.prepareEnvironment(SpringApplication.java:347) [spring-boot-2.1.1.RELEASE.jar:2.1.1.RELEASE]
	at org.springframework.boot.SpringApplication.run(SpringApplication.java:306) [spring-boot-2.1.1.RELEASE.jar:2.1.1.RELEASE]
	at org.springframework.boot.SpringApplication.run(SpringApplication.java:1260) [spring-boot-2.1.1.RELEASE.jar:2.1.1.RELEASE]
	at org.springframework.boot.SpringApplication.run(SpringApplication.java:1248) [spring-boot-2.1.1.RELEASE.jar:2.1.1.RELEASE]
	at com.startdt.newretail.web.Application.main(Application.java:24) [classes/:?]
2018-12-16 22:24:31.805 [main] ERROR org.springframework.boot.SpringApplication.reportFailure(SpringApplication.java:858) - Application run failed
java.lang.NoSuchMethodError: org.springframework.boot.builder.SpringApplicationBuilder.<init>([Ljava/lang/Object;)V
	at org.springframework.cloud.bootstrap.BootstrapApplicationListener.bootstrapServiceContext(BootstrapApplicationListener.java:161) ~[spring-cloud-context-1.3.4.RELEASE.jar:1.3.4.RELEASE]
	at org.springframework.cloud.bootstrap.BootstrapApplicationListener.onApplicationEvent(BootstrapApplicationListener.java:102) ~[spring-cloud-context-1.3.4.RELEASE.jar:1.3.4.RELEASE]
	at org.springframework.cloud.bootstrap.BootstrapApplicationListener.onApplicationEvent(BootstrapApplicationListener.java:68) ~[spring-cloud-context-1.3.4.RELEASE.jar:1.3.4.RELEASE]
	at org.springframework.context.event.SimpleApplicationEventMulticaster.doInvokeListener(SimpleApplicationEventMulticaster.java:172) ~[spring-context-5.1.3.RELEASE.jar:5.1.3.RELEASE]
	at org.springframework.context.event.SimpleApplicationEventMulticaster.invokeListener(SimpleApplicationEventMulticaster.java:165) ~[spring-context-5.1.3.RELEASE.jar:5.1.3.RELEASE]
	at org.springframework.context.event.SimpleApplicationEventMulticaster.multicastEvent(SimpleApplicationEventMulticaster.java:139) ~[spring-context-5.1.3.RELEASE.jar:5.1.3.RELEASE]
	at org.springframework.context.event.SimpleApplicationEventMulticaster.multicastEvent(SimpleApplicationEventMulticaster.java:127) ~[spring-context-5.1.3.RELEASE.jar:5.1.3.RELEASE]
	at org.springframework.boot.context.event.EventPublishingRunListener.environmentPrepared(EventPublishingRunListener.java:75) ~[spring-boot-2.1.1.RELEASE.jar:2.1.1.RELEASE]
	at org.springframework.boot.SpringApplicationRunListeners.environmentPrepared(SpringApplicationRunListeners.java:54) ~[spring-boot-2.1.1.RELEASE.jar:2.1.1.RELEASE]
	at org.springframework.boot.SpringApplication.prepareEnvironment(SpringApplication.java:347) [spring-boot-2.1.1.RELEASE.jar:2.1.1.RELEASE]
	at org.springframework.boot.SpringApplication.run(SpringApplication.java:306) [spring-boot-2.1.1.RELEASE.jar:2.1.1.RELEASE]
	at org.springframework.boot.SpringApplication.run(SpringApplication.java:1260) [spring-boot-2.1.1.RELEASE.jar:2.1.1.RELEASE]
	at org.springframework.boot.SpringApplication.run(SpringApplication.java:1248) [spring-boot-2.1.1.RELEASE.jar:2.1.1.RELEASE]
	at com.startdt.newretail.web.Application.main(Application.java:24) [classes/:?]
